<?xml version="1.0" encoding="utf-8"?><testsuites><testsuite errors="0" failures="0" hostname="fv-az206-198" name="pytest" skipped="0" tests="23" time="9.099" timestamp="2022-05-07T13:00:17.609970"><testcase classname="tests.test_config" name="test_minimal_conf" time="8.053" /><testcase classname="tests.test_gen_md" name="test_split_code_and_text_blocks[False]" time="0.014" /><testcase classname="tests.test_gen_md" name="test_split_code_and_text_blocks[True]" time="0.002" /><testcase classname="tests.test_gen_md" name="test_bug_cases_of_notebook_syntax" time="0.003" /><testcase classname="tests.test_packaging" name="test_packaged_static" time="0.002" /><testcase classname="tests.test_utils.TestFilepathPatternMatch" name="test_ok[filename]" time="0.002" /><testcase classname="tests.test_utils.TestFilepathPatternMatch" name="test_ok[filename\\.ext]" time="0.002" /><testcase classname="tests.test_utils.TestFilepathPatternMatch" name="test_ok[\\.ext]" time="0.002" /><testcase classname="tests.test_utils.TestFilepathPatternMatch" name="test_ok[\\\\filename]" time="0.002" /><testcase classname="tests.test_utils.TestFilepathPatternMatch" name="test_ok[directory]" time="0.002" /><testcase classname="tests.test_utils.TestFilepathPatternMatch" name="test_ok[\\\\directory]" time="0.002" /><testcase classname="tests.test_utils.TestFilepathPatternMatch" name="test_fails[wrong_filename]" time="0.002" /><testcase classname="tests.test_utils.TestFilepathPatternMatch" name="test_fails[wrong_filename\\.ext]" time="0.002" /><testcase classname="tests.test_utils.TestFilepathPatternMatch" name="test_fails[\\.wrong_ext]" time="0.002" /><testcase classname="tests.test_utils.TestFilepathPatternMatch" name="test_fails[\\\\wrong_filename]" time="0.002" /><testcase classname="tests.test_utils.TestFilepathPatternMatch" name="test_fails[wrong_directory]" time="0.002" /><testcase classname="tests.test_utils.TestFilepathPatternMatch" name="test_fails[\\\\wrong_directory]" time="0.002" /><testcase classname="tests.test_utils.TestFilepathPatternMatch" name="test_not_path_raises" time="0.001" /><testcase classname="tests.test_utils.TestRelativePaths" name="test_behavior[parent-parent/sub-True]" time="0.002" /><testcase classname="tests.test_utils.TestRelativePaths" name="test_behavior[notparent-parent/sub-False]" time="0.002" /><testcase classname="tests.test_utils.TestRelativePaths" name="test_not_paths_raises[parent-parent/sub]" time="0.002" /><testcase classname="tests.test_utils.TestRelativePaths" name="test_not_paths_raises[path11-parent/sub]" time="0.002" /><testcase classname="tests.test_utils.TestRelativePaths" name="test_not_paths_raises[parent-path22]" time="0.002" /></testsuite></testsuites>