<?xml version="1.0" encoding="utf-8"?><testsuites><testsuite errors="0" failures="0" hostname="fv-az243-179" name="pytest" skipped="0" tests="4" time="0.320" timestamp="2022-01-27T12:01:18.651511"><testcase classname="tests.test_gen_md" name="test_split_code_and_text_blocks[False]" time="0.008" /><testcase classname="tests.test_gen_md" name="test_split_code_and_text_blocks[True]" time="0.002" /><testcase classname="tests.test_gen_md" name="test_bug_cases_of_notebook_syntax" time="0.003" /><testcase classname="tests.test_packaging" name="test_packaged_static" time="0.001" /></testsuite></testsuites>