<?xml version="1.0" encoding="utf-8"?><testsuites><testsuite name="pytest" errors="0" failures="0" skipped="8" tests="33" time="3.610" timestamp="2024-09-06T12:51:52.883054+00:00" hostname="fv-az1242-663"><testcase classname="tests.test_config" name="test_minimal_conf" time="2.537" /><testcase classname="tests.test_config" name="test_full_conf" time="0.522" /><testcase classname="tests.test_gen_md" name="test_split_code_and_text_blocks[False]" time="0.009" /><testcase classname="tests.test_gen_md" name="test_split_code_and_text_blocks[True]" time="0.001" /><testcase classname="tests.test_gen_md" name="test_bug_cases_of_notebook_syntax" time="0.002" /><testcase classname="tests.test_gen_single" name="test_non_async_syntax_error" time="0.001" /><testcase classname="tests.test_gen_single" name="test_no_async_roundtrip" time="0.001"><skipped type="pytest.skip" message="ast.unparse is only available for Python &gt;= 3.9">/home/runner/work/mkdocs-gallery/mkdocs-gallery/tests/test_gen_single.py:31: ast.unparse is only available for Python &gt;= 3.9</skipped></testcase><testcase classname="tests.test_gen_single" name="test_async_handling[await]" time="0.000"><skipped type="pytest.skip" message="ast.unparse is only available for Python &gt;= 3.9">/home/runner/work/mkdocs-gallery/mkdocs-gallery/tests/test_gen_single.py:41: ast.unparse is only available for Python &gt;= 3.9</skipped></testcase><testcase classname="tests.test_gen_single" name="test_async_handling[async_for]" time="0.000"><skipped type="pytest.skip" message="ast.unparse is only available for Python &gt;= 3.9">/home/runner/work/mkdocs-gallery/mkdocs-gallery/tests/test_gen_single.py:41: ast.unparse is only available for Python &gt;= 3.9</skipped></testcase><testcase classname="tests.test_gen_single" name="test_async_handling[async_comprehension]" time="0.000"><skipped type="pytest.skip" message="ast.unparse is only available for Python &gt;= 3.9">/home/runner/work/mkdocs-gallery/mkdocs-gallery/tests/test_gen_single.py:41: ast.unparse is only available for Python &gt;= 3.9</skipped></testcase><testcase classname="tests.test_gen_single" name="test_async_handling[async_context_manager]" time="0.000"><skipped type="pytest.skip" message="ast.unparse is only available for Python &gt;= 3.9">/home/runner/work/mkdocs-gallery/mkdocs-gallery/tests/test_gen_single.py:41: ast.unparse is only available for Python &gt;= 3.9</skipped></testcase><testcase classname="tests.test_gen_single" name="test_async_handling_locals" time="0.000"><skipped type="pytest.skip" message="ast.unparse is only available for Python &gt;= 3.9">/home/runner/work/mkdocs-gallery/mkdocs-gallery/tests/test_gen_single.py:111: ast.unparse is only available for Python &gt;= 3.9</skipped></testcase><testcase classname="tests.test_gen_single" name="test_async_handling_last_expression" time="0.000"><skipped type="pytest.skip" message="ast.unparse is only available for Python &gt;= 3.9">/home/runner/work/mkdocs-gallery/mkdocs-gallery/tests/test_gen_single.py:134: ast.unparse is only available for Python &gt;= 3.9</skipped></testcase><testcase classname="tests.test_gen_single" name="test_get_event_loop_after_async_handling" time="0.000"><skipped type="pytest.skip" message="ast.unparse is only available for Python &gt;= 3.9">/home/runner/work/mkdocs-gallery/mkdocs-gallery/tests/test_gen_single.py:158: ast.unparse is only available for Python &gt;= 3.9</skipped></testcase><testcase classname="tests.test_packaging" name="test_packaged_static" time="0.001" /><testcase classname="tests.test_utils.TestFilepathPatternMatch" name="test_ok[filename]" time="0.001" /><testcase classname="tests.test_utils.TestFilepathPatternMatch" name="test_ok[filename\\.ext]" time="0.001" /><testcase classname="tests.test_utils.TestFilepathPatternMatch" name="test_ok[\\.ext]" time="0.001" /><testcase classname="tests.test_utils.TestFilepathPatternMatch" name="test_ok[/filename]" time="0.001" /><testcase classname="tests.test_utils.TestFilepathPatternMatch" name="test_ok[directory]" time="0.001" /><testcase classname="tests.test_utils.TestFilepathPatternMatch" name="test_ok[/directory]" time="0.001" /><testcase classname="tests.test_utils.TestFilepathPatternMatch" name="test_fails[wrong_filename]" time="0.001" /><testcase classname="tests.test_utils.TestFilepathPatternMatch" name="test_fails[wrong_filename\\.ext]" time="0.001" /><testcase classname="tests.test_utils.TestFilepathPatternMatch" name="test_fails[\\.wrong_ext]" time="0.001" /><testcase classname="tests.test_utils.TestFilepathPatternMatch" name="test_fails[/wrong_filename]" time="0.001" /><testcase classname="tests.test_utils.TestFilepathPatternMatch" name="test_fails[wrong_directory]" time="0.001" /><testcase classname="tests.test_utils.TestFilepathPatternMatch" name="test_fails[/wrong_directory]" time="0.001" /><testcase classname="tests.test_utils.TestFilepathPatternMatch" name="test_not_path_raises" time="0.001" /><testcase classname="tests.test_utils.TestRelativePaths" name="test_behavior[parent-parent/sub-True]" time="0.001" /><testcase classname="tests.test_utils.TestRelativePaths" name="test_behavior[notparent-parent/sub-False]" time="0.001" /><testcase classname="tests.test_utils.TestRelativePaths" name="test_not_paths_raises[parent-parent/sub]" time="0.001" /><testcase classname="tests.test_utils.TestRelativePaths" name="test_not_paths_raises[path11-parent/sub]" time="0.001" /><testcase classname="tests.test_utils.TestRelativePaths" name="test_not_paths_raises[parent-path22]" time="0.001" /></testsuite></testsuites>