<?xml version="1.0" encoding="utf-8"?><testsuites><testsuite name="pytest" errors="0" failures="0" skipped="0" tests="24" time="2.337" timestamp="2023-12-21T11:15:36.194982" hostname="fv-az659-507"><testcase classname="tests.test_config" name="test_minimal_conf" time="1.480" /><testcase classname="tests.test_config" name="test_full_conf" time="0.394" /><testcase classname="tests.test_gen_md" name="test_split_code_and_text_blocks[False]" time="0.010" /><testcase classname="tests.test_gen_md" name="test_split_code_and_text_blocks[True]" time="0.001" /><testcase classname="tests.test_gen_md" name="test_bug_cases_of_notebook_syntax" time="0.002" /><testcase classname="tests.test_packaging" name="test_packaged_static" time="0.001" /><testcase classname="tests.test_utils.TestFilepathPatternMatch" name="test_ok[filename]" time="0.001" /><testcase classname="tests.test_utils.TestFilepathPatternMatch" name="test_ok[filename\\.ext]" time="0.001" /><testcase classname="tests.test_utils.TestFilepathPatternMatch" name="test_ok[\\.ext]" time="0.001" /><testcase classname="tests.test_utils.TestFilepathPatternMatch" name="test_ok[/filename]" time="0.001" /><testcase classname="tests.test_utils.TestFilepathPatternMatch" name="test_ok[directory]" time="0.001" /><testcase classname="tests.test_utils.TestFilepathPatternMatch" name="test_ok[/directory]" time="0.001" /><testcase classname="tests.test_utils.TestFilepathPatternMatch" name="test_fails[wrong_filename]" time="0.001" /><testcase classname="tests.test_utils.TestFilepathPatternMatch" name="test_fails[wrong_filename\\.ext]" time="0.001" /><testcase classname="tests.test_utils.TestFilepathPatternMatch" name="test_fails[\\.wrong_ext]" time="0.001" /><testcase classname="tests.test_utils.TestFilepathPatternMatch" name="test_fails[/wrong_filename]" time="0.001" /><testcase classname="tests.test_utils.TestFilepathPatternMatch" name="test_fails[wrong_directory]" time="0.001" /><testcase classname="tests.test_utils.TestFilepathPatternMatch" name="test_fails[/wrong_directory]" time="0.001" /><testcase classname="tests.test_utils.TestFilepathPatternMatch" name="test_not_path_raises" time="0.001" /><testcase classname="tests.test_utils.TestRelativePaths" name="test_behavior[parent-parent/sub-True]" time="0.001" /><testcase classname="tests.test_utils.TestRelativePaths" name="test_behavior[notparent-parent/sub-False]" time="0.001" /><testcase classname="tests.test_utils.TestRelativePaths" name="test_not_paths_raises[parent-parent/sub]" time="0.001" /><testcase classname="tests.test_utils.TestRelativePaths" name="test_not_paths_raises[path11-parent/sub]" time="0.001" /><testcase classname="tests.test_utils.TestRelativePaths" name="test_not_paths_raises[parent-path22]" time="0.001" /></testsuite></testsuites>