<?xml version="1.0" encoding="utf-8"?><testsuites><testsuite errors="0" failures="0" hostname="fv-az246-775" name="pytest" skipped="0" tests="5" time="3.173" timestamp="2022-02-04T21:44:41.751277"><testcase classname="tests.test_config" name="test_minimal_conf" time="2.780" /><testcase classname="tests.test_gen_md" name="test_split_code_and_text_blocks[False]" time="0.009" /><testcase classname="tests.test_gen_md" name="test_split_code_and_text_blocks[True]" time="0.001" /><testcase classname="tests.test_gen_md" name="test_bug_cases_of_notebook_syntax" time="0.002" /><testcase classname="tests.test_packaging" name="test_packaged_static" time="0.001" /></testsuite></testsuites>