<?xml version="1.0" encoding="utf-8"?><testsuites><testsuite name="pytest" errors="0" failures="0" skipped="8" tests="33" time="1.773" timestamp="2024-01-16T13:23:59.386023" hostname="fv-az1543-352"><testcase classname="tests.test_config" name="test_minimal_conf" time="0.974" /><testcase classname="tests.test_config" name="test_full_conf" time="0.325" /><testcase classname="tests.test_gen_md" name="test_split_code_and_text_blocks[False]" time="0.009" /><testcase classname="tests.test_gen_md" name="test_split_code_and_text_blocks[True]" time="0.001" /><testcase classname="tests.test_gen_md" name="test_bug_cases_of_notebook_syntax" time="0.002" /><testcase classname="tests.test_gen_single" name="test_non_async_syntax_error" time="0.001" /><testcase classname="tests.test_gen_single" name="test_async_handling[no_async]" time="0.000"><skipped type="pytest.skip" message="ast.unparse is only available for Python &gt;= 3.9">/home/runner/work/mkdocs-gallery/mkdocs-gallery/tests/test_gen_single.py:25: ast.unparse is only available for Python &gt;= 3.9</skipped></testcase><testcase classname="tests.test_gen_single" name="test_async_handling[asyncio_run]" time="0.000"><skipped type="pytest.skip" message="ast.unparse is only available for Python &gt;= 3.9">/home/runner/work/mkdocs-gallery/mkdocs-gallery/tests/test_gen_single.py:25: ast.unparse is only available for Python &gt;= 3.9</skipped></testcase><testcase classname="tests.test_gen_single" name="test_async_handling[await]" time="0.000"><skipped type="pytest.skip" message="ast.unparse is only available for Python &gt;= 3.9">/home/runner/work/mkdocs-gallery/mkdocs-gallery/tests/test_gen_single.py:25: ast.unparse is only available for Python &gt;= 3.9</skipped></testcase><testcase classname="tests.test_gen_single" name="test_async_handling[async_for]" time="0.000"><skipped type="pytest.skip" message="ast.unparse is only available for Python &gt;= 3.9">/home/runner/work/mkdocs-gallery/mkdocs-gallery/tests/test_gen_single.py:25: ast.unparse is only available for Python &gt;= 3.9</skipped></testcase><testcase classname="tests.test_gen_single" name="test_async_handling[async_comprehension]" time="0.000"><skipped type="pytest.skip" message="ast.unparse is only available for Python &gt;= 3.9">/home/runner/work/mkdocs-gallery/mkdocs-gallery/tests/test_gen_single.py:25: ast.unparse is only available for Python &gt;= 3.9</skipped></testcase><testcase classname="tests.test_gen_single" name="test_async_handling[async_context_manager]" time="0.000"><skipped type="pytest.skip" message="ast.unparse is only available for Python &gt;= 3.9">/home/runner/work/mkdocs-gallery/mkdocs-gallery/tests/test_gen_single.py:25: ast.unparse is only available for Python &gt;= 3.9</skipped></testcase><testcase classname="tests.test_gen_single" name="test_async_handling_locals" time="0.000"><skipped type="pytest.skip" message="ast.unparse is only available for Python &gt;= 3.9">/home/runner/work/mkdocs-gallery/mkdocs-gallery/tests/test_gen_single.py:114: ast.unparse is only available for Python &gt;= 3.9</skipped></testcase><testcase classname="tests.test_gen_single" name="test_async_handling_last_expression" time="0.000"><skipped type="pytest.skip" message="ast.unparse is only available for Python &gt;= 3.9">/home/runner/work/mkdocs-gallery/mkdocs-gallery/tests/test_gen_single.py:137: ast.unparse is only available for Python &gt;= 3.9</skipped></testcase><testcase classname="tests.test_packaging" name="test_packaged_static" time="0.001" /><testcase classname="tests.test_utils.TestFilepathPatternMatch" name="test_ok[filename]" time="0.001" /><testcase classname="tests.test_utils.TestFilepathPatternMatch" name="test_ok[filename\\.ext]" time="0.001" /><testcase classname="tests.test_utils.TestFilepathPatternMatch" name="test_ok[\\.ext]" time="0.001" /><testcase classname="tests.test_utils.TestFilepathPatternMatch" name="test_ok[/filename]" time="0.001" /><testcase classname="tests.test_utils.TestFilepathPatternMatch" name="test_ok[directory]" time="0.001" /><testcase classname="tests.test_utils.TestFilepathPatternMatch" name="test_ok[/directory]" time="0.001" /><testcase classname="tests.test_utils.TestFilepathPatternMatch" name="test_fails[wrong_filename]" time="0.001" /><testcase classname="tests.test_utils.TestFilepathPatternMatch" name="test_fails[wrong_filename\\.ext]" time="0.001" /><testcase classname="tests.test_utils.TestFilepathPatternMatch" name="test_fails[\\.wrong_ext]" time="0.001" /><testcase classname="tests.test_utils.TestFilepathPatternMatch" name="test_fails[/wrong_filename]" time="0.001" /><testcase classname="tests.test_utils.TestFilepathPatternMatch" name="test_fails[wrong_directory]" time="0.001" /><testcase classname="tests.test_utils.TestFilepathPatternMatch" name="test_fails[/wrong_directory]" time="0.001" /><testcase classname="tests.test_utils.TestFilepathPatternMatch" name="test_not_path_raises" time="0.001" /><testcase classname="tests.test_utils.TestRelativePaths" name="test_behavior[parent-parent/sub-True]" time="0.001" /><testcase classname="tests.test_utils.TestRelativePaths" name="test_behavior[notparent-parent/sub-False]" time="0.001" /><testcase classname="tests.test_utils.TestRelativePaths" name="test_not_paths_raises[parent-parent/sub]" time="0.001" /><testcase classname="tests.test_utils.TestRelativePaths" name="test_not_paths_raises[path11-parent/sub]" time="0.001" /><testcase classname="tests.test_utils.TestRelativePaths" name="test_not_paths_raises[parent-path22]" time="0.001" /></testsuite></testsuites>