<?xml version="1.0" encoding="utf-8"?><testsuites><testsuite errors="0" failures="0" hostname="fv-az224-968" name="pytest" skipped="0" tests="5" time="3.284" timestamp="2022-02-03T12:42:16.196627"><testcase classname="tests.test_config" name="test_minimal_conf" time="2.866" /><testcase classname="tests.test_gen_md" name="test_split_code_and_text_blocks[False]" time="0.010" /><testcase classname="tests.test_gen_md" name="test_split_code_and_text_blocks[True]" time="0.001" /><testcase classname="tests.test_gen_md" name="test_bug_cases_of_notebook_syntax" time="0.002" /><testcase classname="tests.test_packaging" name="test_packaged_static" time="0.001" /></testsuite></testsuites>